<?xml version="1.0" encoding="UTF-8"?>
<testng-results ignored="0" total="5" passed="5" failed="0" skipped="0">
  <reporter-output>
  </reporter-output>
  <suite started-at="2026-07-02T07:47:25Z" name="Surefire suite" finished-at="2026-07-02T07:48:54Z" duration-ms="89618">
    <groups>
      <group name="cucumber">
        <method signature="AbstractTestNGCucumberTests.runScenario(io.cucumber.testng.PickleWrapper, io.cucumber.testng.FeatureWrapper)[pri:0, instance:cucumberOptions.TestRunner@1e6454ec]" name="runScenario" class="io.cucumber.testng.AbstractTestNGCucumberTests"/>
      </group> <!-- cucumber -->
    </groups>
    <test started-at="2026-07-02T07:47:25Z" name="Surefire test" finished-at="2026-07-02T07:48:54Z" duration-ms="89618">
      <class name="cucumberOptions.TestRunner">
        <test-method is-config="true" signature="setUpClass(org.testng.ITestContext)[pri:0, instance:cucumberOptions.TestRunner@1e6454ec]" started-at="2026-07-02T07:47:25Z" name="setUpClass" finished-at="2026-07-02T07:47:25Z" duration-ms="278" status="PASS">
          <params>
            <param index="0">
              <value>
                <![CDATA[org.testng.TestRunner@115667d]]>
              </value>
            </param>
          </params>
          <reporter-output>
          </reporter-output>
        </test-method> <!-- setUpClass -->
        <test-method signature="runScenario(io.cucumber.testng.PickleWrapper, io.cucumber.testng.FeatureWrapper)[pri:0, instance:cucumberOptions.TestRunner@1e6454ec]" started-at="2026-07-02T07:47:25Z" name="runScenario" description="Runs Cucumber Scenarios" data-provider="scenarios" finished-at="2026-07-02T07:48:19Z" duration-ms="54593" status="PASS">
          <params>
            <param index="0">
              <value>
                <![CDATA["login via email and password"]]>
              </value>
            </param>
            <param index="1">
              <value>
                <![CDATA["Login functionality of registered user"]]>
              </value>
            </param>
          </params>
          <reporter-output>
          </reporter-output>
        </test-method> <!-- runScenario -->
        <test-method signature="runScenario(io.cucumber.testng.PickleWrapper, io.cucumber.testng.FeatureWrapper)[pri:0, instance:cucumberOptions.TestRunner@1e6454ec]" started-at="2026-07-02T07:47:25Z" name="runScenario" description="Runs Cucumber Scenarios" data-provider="scenarios" finished-at="2026-07-02T07:48:33Z" duration-ms="68594" status="PASS">
          <params>
            <param index="0">
              <value>
                <![CDATA["Validating price by filter"]]>
              </value>
            </param>
            <param index="1">
              <value>
                <![CDATA["Validating price by filter functionality"]]>
              </value>
            </param>
          </params>
          <reporter-output>
          </reporter-output>
        </test-method> <!-- runScenario -->
        <test-method signature="runScenario(io.cucumber.testng.PickleWrapper, io.cucumber.testng.FeatureWrapper)[pri:0, instance:cucumberOptions.TestRunner@1e6454ec]" started-at="2026-07-02T07:47:25Z" name="runScenario" description="Runs Cucumber Scenarios" data-provider="scenarios" finished-at="2026-07-02T07:48:34Z" duration-ms="68854" status="PASS">
          <params>
            <param index="0">
              <value>
                <![CDATA["Validating price by filter"]]>
              </value>
            </param>
            <param index="1">
              <value>
                <![CDATA["Validating price by filter functionality"]]>
              </value>
            </param>
          </params>
          <reporter-output>
          </reporter-output>
        </test-method> <!-- runScenario -->
        <test-method signature="runScenario(io.cucumber.testng.PickleWrapper, io.cucumber.testng.FeatureWrapper)[pri:0, instance:cucumberOptions.TestRunner@1e6454ec]" started-at="2026-07-02T07:47:25Z" name="runScenario" description="Runs Cucumber Scenarios" data-provider="scenarios" finished-at="2026-07-02T07:48:34Z" duration-ms="69494" status="PASS">
          <params>
            <param index="0">
              <value>
                <![CDATA["Validating price by filter"]]>
              </value>
            </param>
            <param index="1">
              <value>
                <![CDATA["Validating price by filter functionality"]]>
              </value>
            </param>
          </params>
          <reporter-output>
          </reporter-output>
        </test-method> <!-- runScenario -->
        <test-method signature="runScenario(io.cucumber.testng.PickleWrapper, io.cucumber.testng.FeatureWrapper)[pri:0, instance:cucumberOptions.TestRunner@1e6454ec]" started-at="2026-07-02T07:47:25Z" name="runScenario" description="Runs Cucumber Scenarios" data-provider="scenarios" finished-at="2026-07-02T07:48:54Z" duration-ms="89303" status="PASS">
          <params>
            <param index="0">
              <value>
                <![CDATA["Validate add to cart"]]>
              </value>
            </param>
            <param index="1">
              <value>
                <![CDATA["Validate add to cart functionality"]]>
              </value>
            </param>
          </params>
          <reporter-output>
          </reporter-output>
        </test-method> <!-- runScenario -->
        <test-method is-config="true" signature="tearDownClass()[pri:0, instance:cucumberOptions.TestRunner@1e6454ec]" started-at="2026-07-02T07:48:54Z" name="tearDownClass" finished-at="2026-07-02T07:48:54Z" duration-ms="0" status="PASS">
          <reporter-output>
          </reporter-output>
        </test-method> <!-- tearDownClass -->
      </class> <!-- cucumberOptions.TestRunner -->
    </test> <!-- Surefire test -->
  </suite> <!-- Surefire suite -->
</testng-results>
