<?xml version="1.0" encoding="UTF-8"?>
<!-- Generated by org.testng.reporters.JUnitReportReporter -->
<testsuite hostname="Lakshmi" failures="0" tests="5" name="cucumberOptions.TestRunner" time="324.230" errors="0" timestamp="02 Jul 2026 07:44:17 GMT" skipped="0">
  <testcase classname="cucumberOptions.TestRunner" name="runScenario" time="61.528"/>
  <testcase classname="cucumberOptions.TestRunner" name="runScenario" time="84.336"/>
  <testcase classname="cucumberOptions.TestRunner" name="runScenario" time="62.342"/>
  <testcase classname="cucumberOptions.TestRunner" name="runScenario" time="52.497"/>
  <testcase classname="cucumberOptions.TestRunner" name="runScenario" time="63.527"/>
</testsuite> <!-- cucumberOptions.TestRunner -->
