<?xml version="1.0" encoding="UTF-8"?>
<testsuite xmlns:xsi="http://www.w3.org/2001/XMLSchema-instance" xsi:noNamespaceSchemaLocation="https://maven.apache.org/surefire/maven-surefire-plugin/xsd/surefire-test-report.xsd" version="3.0.1" name="cucumberOptions.TestRunner" time="90.244" tests="5" errors="0" skipped="0" failures="0">
  <properties>
[...]
</properties>
  <testcase name="runScenario[&quot;login via email and password&quot;, &quot;Login functionality of registered user&quot;](1)" classname="cucumberOptions.TestRunner" time="54.592">
    <system-out><![CDATA[
@login
Scenario: login via email and password                                     &amp#27;[90m# src/test/resources/features/login.feature:4&amp#27;[0m

@filterByPrice
Scenario: Validating price by filter                                       &amp#27;[90m# src/test/resources/features/validateFilterByPrice.feature:16&amp#27;[0m

@filterByPrice
Scenario: Validating price by filter                                       &amp#27;[90m# src/test/resources/features/validateFilterByPrice.feature:17&amp#27;[0m

@filterByPrice
Scenario: Validating price by filter                                       &amp#27;[90m# src/test/resources/features/validateFilterByPrice.feature:18&amp#27;[0m

@addCart
Scenario: Validate add to cart                                             &amp#27;[90m# src/test/resources/features/validateAddToCart.feature:5&amp#27;[0m
java -jar src/main/resources/selenium-server-4.44.0.jar standalone
java -jar src/main/resources/selenium-server-4.44.0.jar standalone
java -jar src/main/resources/selenium-server-4.44.0.jar standalone
java -jar src/main/resources/selenium-server-4.44.0.jar standalone
java -jar src/main/resources/selenium-server-4.44.0.jar standalone
13:17:37.832 [TestNG-PoolService-4] DEBUG stepDefinations.LoginStep - Reached Method
13:17:37.832 [TestNG-PoolService-0] DEBUG stepDefinations.LoginStep - Reached Method
13:17:37.832 [TestNG-PoolService-1] DEBUG stepDefinations.LoginStep - Reached Method
13:17:37.832 [TestNG-PoolService-2] DEBUG stepDefinations.LoginStep - Reached Method
13:17:37.832 [TestNG-PoolService-3] DEBUG stepDefinations.LoginStep - Reached Method
13:17:41.062 [TestNG-PoolService-0] DEBUG stepDefinations.LoginStep - URL Launched
13:17:41.079 [TestNG-PoolService-1] DEBUG stepDefinations.LoginStep - URL Launched
13:17:41.082 [TestNG-PoolService-4] DEBUG stepDefinations.LoginStep - URL Launched
13:17:41.158 [TestNG-PoolService-3] DEBUG stepDefinations.LoginStep - URL Launched
13:17:41.178 [TestNG-PoolService-2] DEBUG stepDefinations.LoginStep - URL Launched
13:17:41.454 [TestNG-PoolService-4] DEBUG stepDefinations.LoginStep - Window Maximized
13:17:41.494 [TestNG-PoolService-1] DEBUG stepDefinations.LoginStep - Window Maximized
13:17:42.306 [TestNG-PoolService-0] DEBUG stepDefinations.LoginStep - Window Maximized
13:17:43.665 [TestNG-PoolService-2] DEBUG stepDefinations.LoginStep - Window Maximized
13:17:43.949 [TestNG-PoolService-3] DEBUG stepDefinations.LoginStep - Window Maximized
  &amp#27;[32mGiven &amp#27;[0m&amp#27;[32muser is home page&amp#27;[0m                                                  &amp#27;[90m# stepDefinations.LoginStep.user_is_home_page()&amp#27;[0m
  &amp#27;[32mGiven &amp#27;[0m&amp#27;[32muser is home page&amp#27;[0m                                                  &amp#27;[90m# stepDefinations.LoginStep.user_is_home_page()&amp#27;[0m
  &amp#27;[32mGiven &amp#27;[0m&amp#27;[32muser is home page&amp#27;[0m                                                  &amp#27;[90m# stepDefinations.LoginStep.user_is_home_page()&amp#27;[0m
  &amp#27;[32mGiven &amp#27;[0m&amp#27;[32muser is home page&amp#27;[0m                                                  &amp#27;[90m# stepDefinations.LoginStep.user_is_home_page()&amp#27;[0m
  &amp#27;[32mGiven &amp#27;[0m&amp#27;[32muser is home page&amp#27;[0m                                                  &amp#27;[90m# stepDefinations.LoginStep.user_is_home_page()&amp#27;[0m
  &amp#27;[32mWhen &amp#27;[0m&amp#27;[32mclicks login&amp#27;[0m                                                        &amp#27;[90m# stepDefinations.LoginStep.clicks_login()&amp#27;[0m
  &amp#27;[32mWhen &amp#27;[0m&amp#27;[32mclicks login&amp#27;[0m                                                        &amp#27;[90m# stepDefinations.LoginStep.clicks_login()&amp#27;[0m
  &amp#27;[32mWhen &amp#27;[0m&amp#27;[32mclicks login&amp#27;[0m                                                        &amp#27;[90m# stepDefinations.LoginStep.clicks_login()&amp#27;[0m
  &amp#27;[32mWhen &amp#27;[0m&amp#27;[32mclicks login&amp#27;[0m                                                        &amp#27;[90m# stepDefinations.LoginStep.clicks_login()&amp#27;[0m
  &amp#27;[32mWhen &amp#27;[0m&amp#27;[32mclicks login&amp#27;[0m                                                        &amp#27;[90m# stepDefinations.LoginStep.clicks_login()&amp#27;[0m
  &amp#27;[32mAnd &amp#27;[0m&amp#27;[32muser enters email &amp#27;[0m&amp#27;[32m&amp#27;[1m"priyankauser@gmail.com"&amp#27;[0m&amp#27;[32m and password &amp#27;[0m&amp#27;[32m&amp#27;[1m"Priyanka@1"&amp#27;[0m &amp#27;[90m# stepDefinations.LoginStep.user_enters_email_and_password(java.lang.String,java.lang.String)&amp#27;[0m
  &amp#27;[32mAnd &amp#27;[0m&amp#27;[32muser enters email &amp#27;[0m&amp#27;[32m&amp#27;[1m"priyankauser@gmail.com"&amp#27;[0m&amp#27;[32m and password &amp#27;[0m&amp#27;[32m&amp#27;[1m"Priyanka@1"&amp#27;[0m &amp#27;[90m# stepDefinations.LoginStep.user_enters_email_and_password(java.lang.String,java.lang.String)&amp#27;[0m
  &amp#27;[32mAnd &amp#27;[0m&amp#27;[32muser enters email &amp#27;[0m&amp#27;[32m&amp#27;[1m"priyankauser@gmail.com"&amp#27;[0m&amp#27;[32m and password &amp#27;[0m&amp#27;[32m&amp#27;[1m"Priyanka@1"&amp#27;[0m &amp#27;[90m# stepDefinations.LoginStep.user_enters_email_and_password(java.lang.String,java.lang.String)&amp#27;[0m
  &amp#27;[32mAnd &amp#27;[0m&amp#27;[32muser enters email &amp#27;[0m&amp#27;[32m&amp#27;[1m"priyankauser@gmail.com"&amp#27;[0m&amp#27;[32m and password &amp#27;[0m&amp#27;[32m&amp#27;[1m"Priyanka@1"&amp#27;[0m &amp#27;[90m# stepDefinations.LoginStep.user_enters_email_and_password(java.lang.String,java.lang.String)&amp#27;[0m
  &amp#27;[32mAnd &amp#27;[0m&amp#27;[32muser enters email &amp#27;[0m&amp#27;[32m&amp#27;[1m"priyankauser@gmail.com"&amp#27;[0m&amp#27;[32m and password &amp#27;[0m&amp#27;[32m&amp#27;[1m"Priyanka@1"&amp#27;[0m &amp#27;[90m# stepDefinations.LoginStep.user_enters_email_and_password(java.lang.String,java.lang.String)&amp#27;[0m
13:18:17.976 [TestNG-PoolService-0] DEBUG stepDefinations.LoginStep - User is successfully logged in
  &amp#27;[32mThen &amp#27;[0m&amp#27;[32muser is successfully logged in&amp#27;[0m                                      &amp#27;[90m# stepDefinations.LoginStep.user_is_successfully_logged_in()&amp#27;[0m
]]></system-out>
    <system-err><![CDATA[SLF4J: Failed to load class "org.slf4j.impl.StaticLoggerBinder".
SLF4J: Defaulting to no-operation (NOP) logger implementation
SLF4J: See http://www.slf4j.org/codes.html#StaticLoggerBinder for further details.
Jul 02, 2026 1:17:25 PM org.openqa.selenium.remote.tracing.opentelemetry.OpenTelemetryTracer createTracer
INFO: Using OpenTelemetry for tracing
]]></system-err>
  </testcase>
  <testcase name="runScenario[&quot;Validating price by filter&quot;, &quot;Validating price by filter functionality&quot;](2)" classname="cucumberOptions.TestRunner" time="68.591">
    <system-out><![CDATA[13:18:19.945 [TestNG-PoolService-1] DEBUG stepDefinations.LoginStep - User is successfully logged in
  &amp#27;[32mThen &amp#27;[0m&amp#27;[32muser is successfully logged in&amp#27;[0m                                      &amp#27;[90m# stepDefinations.LoginStep.user_is_successfully_logged_in()&amp#27;[0m
13:18:20.678 [TestNG-PoolService-2] DEBUG stepDefinations.LoginStep - User is successfully logged in
  &amp#27;[32mThen &amp#27;[0m&amp#27;[32muser is successfully logged in&amp#27;[0m                                      &amp#27;[90m# stepDefinations.LoginStep.user_is_successfully_logged_in()&amp#27;[0m
13:18:21.199 [TestNG-PoolService-4] DEBUG stepDefinations.LoginStep - User is successfully logged in
  &amp#27;[32mThen &amp#27;[0m&amp#27;[32muser is successfully logged in&amp#27;[0m                                      &amp#27;[90m# stepDefinations.LoginStep.user_is_successfully_logged_in()&amp#27;[0m
13:18:21.645 [TestNG-PoolService-3] DEBUG stepDefinations.LoginStep - User is successfully logged in
  &amp#27;[32mThen &amp#27;[0m&amp#27;[32muser is successfully logged in&amp#27;[0m                                      &amp#27;[90m# stepDefinations.LoginStep.user_is_successfully_logged_in()&amp#27;[0m
  &amp#27;[32mAnd &amp#27;[0m&amp#27;[32muser is on search screen and in stock is checked&amp#27;[0m                     &amp#27;[90m# stepDefinations.ValidateFilterByPriceStep.user_is_on_search_screen_and_in_stock_is_checked()&amp#27;[0m
  &amp#27;[32mGiven &amp#27;[0m&amp#27;[32muser is on search screen and in stock is checked&amp#27;[0m                   &amp#27;[90m# stepDefinations.ValidateFilterByPriceStep.user_is_on_search_screen_and_in_stock_is_checked()&amp#27;[0m
  &amp#27;[32mGiven &amp#27;[0m&amp#27;[32muser is on search screen and in stock is checked&amp#27;[0m                   &amp#27;[90m# stepDefinations.ValidateFilterByPriceStep.user_is_on_search_screen_and_in_stock_is_checked()&amp#27;[0m
  &amp#27;[32mGiven &amp#27;[0m&amp#27;[32muser is on search screen and in stock is checked&amp#27;[0m                   &amp#27;[90m# stepDefinations.ValidateFilterByPriceStep.user_is_on_search_screen_and_in_stock_is_checked()&amp#27;[0m
REACHED CART
size:4
  &amp#27;[32mWhen &amp#27;[0m&amp#27;[32mRange &amp#27;[0m&amp#27;[32m&amp#27;[1m"Below ₹60"&amp#27;[0m&amp#27;[32m is selected&amp#27;[0m                                       &amp#27;[90m# stepDefinations.ValidateFilterByPriceStep.range_is_selected(java.lang.String)&amp#27;[0m
4****SIZE59
45
35

Price Filter For Below ₹60 is working
13:18:30.410 [TestNG-PoolService-2] DEBUG stepDefinations.ValidateFilterByPriceStep - Price Filter For Below ₹60 is working
size:1
  &amp#27;[32mWhen &amp#27;[0m&amp#27;[32mRange &amp#27;[0m&amp#27;[32m&amp#27;[1m"Above ₹70"&amp#27;[0m&amp#27;[32m is selected&amp#27;[0m                                       &amp#27;[90m# stepDefinations.ValidateFilterByPriceStep.range_is_selected(java.lang.String)&amp#27;[0m
1****SIZE79
Price Filter For Above ₹70 is working
13:18:30.691 [TestNG-PoolService-4] DEBUG stepDefinations.ValidateFilterByPriceStep - Price Filter For Above ₹70 is working
size:1
  &amp#27;[32mWhen &amp#27;[0m&amp#27;[32mRange &amp#27;[0m&amp#27;[32m&amp#27;[1m"₹60 - ₹70"&amp#27;[0m&amp#27;[32m is selected&amp#27;[0m                                       &amp#27;[90m# stepDefinations.ValidateFilterByPriceStep.range_is_selected(java.lang.String)&amp#27;[0m
1****SIZE69
Price Filter For ₹60 - ₹70 is working
13:18:31.383 [TestNG-PoolService-3] DEBUG stepDefinations.ValidateFilterByPriceStep - Price Filter For ₹60 - ₹70 is working
CLEAR FILTER IS CLICKED
13:18:32.467 [TestNG-PoolService-1] DEBUG stepDefinations.ValidateAddToCartStep - clear filter is applied
  &amp#27;[32mGiven &amp#27;[0m&amp#27;[32mclear filter is applied&amp#27;[0m                                            &amp#27;[90m# stepDefinations.ValidateAddToCartStep.user_is_on_the_search_page_and_clear_filter_is_applied()&amp#27;[0m
URL lasthttps://www.engineerdiaries.com/ui-framework
  &amp#27;[32mThen &amp#27;[0m&amp#27;[32mprice is validated&amp#27;[0m                                                  &amp#27;[90m# stepDefinations.ValidateFilterByPriceStep.price_is_validated()&amp#27;[0m
URL lasthttps://www.engineerdiaries.com/ui-framework
  &amp#27;[32mThen &amp#27;[0m&amp#27;[32mprice is validated&amp#27;[0m                                                  &amp#27;[90m# stepDefinations.ValidateFilterByPriceStep.price_is_validated()&amp#27;[0m
]]></system-out>
  </testcase>
  <testcase name="runScenario[&quot;Validating price by filter&quot;, &quot;Validating price by filter functionality&quot;](3)" classname="cucumberOptions.TestRunner" time="68.851"/>
  <testcase name="runScenario[&quot;Validating price by filter&quot;, &quot;Validating price by filter functionality&quot;](4)" classname="cucumberOptions.TestRunner" time="69.491">
    <system-out><![CDATA[URL lasthttps://www.engineerdiaries.com/ui-framework
  &amp#27;[32mThen &amp#27;[0m&amp#27;[32mprice is validated&amp#27;[0m                                                  &amp#27;[90m# stepDefinations.ValidateFilterByPriceStep.price_is_validated()&amp#27;[0m
]]></system-out>
  </testcase>
  <testcase name="runScenario[&quot;Validate add to cart&quot;, &quot;Validate add to cart functionality&quot;](5)" classname="cucumberOptions.TestRunner" time="89.3">
    <system-out><![CDATA[13:18:45.063 [TestNG-PoolService-1] DEBUG stepDefinations.ValidateAddToCartStep - item added to cart
  &amp#27;[32mWhen &amp#27;[0m&amp#27;[32muser search flower &amp#27;[0m&amp#27;[32m&amp#27;[1m"Rose"&amp#27;[0m&amp#27;[32m and quantity &amp#27;[0m&amp#27;[32m&amp#27;[1m"3"&amp#27;[0m                          &amp#27;[90m# stepDefinations.ValidateAddToCartStep.user_search_flower_and_quantity(java.lang.String,java.lang.String)&amp#27;[0m
FLOWER:Rose
13:18:51.165 [TestNG-PoolService-1] DEBUG stepDefinations.ValidateAddToCartStep - CORRECT ITEM GOT ADDED TO CART
  &amp#27;[32mThen &amp#27;[0m&amp#27;[32mvalidate correct item is added&amp#27;[0m                                      &amp#27;[90m# stepDefinations.ValidateAddToCartStep.validate_correct_item_is_added()&amp#27;[0m
3
13:18:54.195 [TestNG-PoolService-1] DEBUG stepDefinations.ValidateAddToCartStep - CORRECT QUANTITY GOT ADDED TO CART
13:18:54.195 [TestNG-PoolService-1] DEBUG stepDefinations.ValidateAddToCartStep - TEST CASE IS PASSED
  &amp#27;[32mAnd &amp#27;[0m&amp#27;[32mvalidate correct item quantity&amp#27;[0m                                       &amp#27;[90m# stepDefinations.ValidateAddToCartStep.validate_correct_item_quantity()&amp#27;[0m
]]></system-out>
  </testcase>
</testsuite>