<?xml version="1.0" encoding="UTF-8"?>
<!-- Generated by org.testng.reporters.JUnitReportReporter -->
<testsuite hostname="Lakshmi" failures="0" tests="5" name="cucumberOptions.TestRunner" time="350.838" errors="0" timestamp="02 Jul 2026 07:48:54 GMT" skipped="0">
  <testcase classname="cucumberOptions.TestRunner" name="runScenario" time="54.593"/>
  <testcase classname="cucumberOptions.TestRunner" name="runScenario" time="68.594"/>
  <testcase classname="cucumberOptions.TestRunner" name="runScenario" time="68.854"/>
  <testcase classname="cucumberOptions.TestRunner" name="runScenario" time="69.494"/>
  <testcase classname="cucumberOptions.TestRunner" name="runScenario" time="89.303"/>
</testsuite> <!-- cucumberOptions.TestRunner -->
